INFO:root:Calling main.run()
INFO:root:Class labels are: 
0 - about
1 - accept
2 - accident
3 - across
4 - actor
5 - add
6 - adult
7 - africa
8 - after
9 - afternoon
10 - again
11 - age
12 - ago
13 - agree
14 - airplane
15 - alarm
16 - all
17 - allergy
18 - allow
19 - almost
20 - alone
21 - already
22 - also
23 - always
24 - america
25 - analyze
26 - and
27 - angel
28 - angry
29 - animal
30 - announce
31 - answer
32 - any
33 - apartment
34 - appear
35 - apple
36 - appointment
37 - approve
38 - area
39 - argue
40 - arm
41 - army
42 - arrest
43 - arrive
44 - art
45 - asia
46 - ask
47 - asl
48 - attention
49 - attitude
50 - attract
51 - audience
52 - august
53 - aunt
54 - australia
55 - autumn
56 - avoid
57 - away
58 - awful
59 - awkward
60 - baby
61 - back
62 - backpack
63 - bacon
64 - bad
65 - bake
66 - balance
67 - bald
68 - ball
69 - balloon
70 - banana
71 - bar
72 - barely
73 - bark
74 - baseball
75 - basement
76 - basketball
77 - bath
78 - bathroom
79 - bear
80 - beard
81 - beautiful
82 - because
83 - become
84 - bed
85 - bedroom
86 - beer
87 - before
88 - beg
89 - behind
90 - believe
91 - below
92 - belt
93 - benefit
94 - best
95 - bet
96 - better
97 - bicycle
98 - big
99 - biology
100 - bird
101 - birthday
102 - bite
103 - bitter
104 - black
105 - blame
106 - blanket
107 - blind
108 - blue
109 - boat
110 - body
111 - book
112 - bored
113 - borrow
114 - boss
115 - both
116 - bother
117 - bottle
118 - bottom
119 - bowl
120 - bowling
121 - box
122 - boy
123 - boyfriend
124 - bracelet
125 - brag
126 - bread
127 - break
128 - bridge
129 - bring
130 - brother
131 - brown
132 - brush
133 - build
134 - building
135 - bus
136 - business
137 - busy
138 - but
139 - butter
140 - buy
141 - cafeteria
142 - cake
143 - california
144 - call
145 - calm
146 - camera
147 - camp
148 - can
149 - canada
150 - cancel
151 - candle
152 - candy
153 - caption
154 - car
155 - cards
156 - care
157 - careful
158 - carrot
159 - carry
160 - cat
161 - catch
162 - cause
163 - celebrate
164 - center
165 - cereal
166 - certificate
167 - chain
168 - chair
169 - challenge
170 - champion
171 - chance
172 - change
173 - character
174 - chase
175 - chat
176 - cheap
177 - cheat
178 - check
179 - cheese
180 - chicken
181 - child
182 - children
183 - chocolate
184 - choice
185 - choose
186 - christmas
187 - church
188 - city
189 - class
190 - classroom
191 - clean
192 - clear
193 - climb
194 - clock
195 - close
196 - clothes
197 - cloud
198 - coffee
199 - cold
200 - college
201 - color
202 - comb
203 - comfortable
204 - command
205 - community
206 - compare
207 - complain
208 - complex
209 - compromise
210 - computer
211 - conflict
212 - contact
213 - continue
214 - contribute
215 - convince
216 - cook
217 - cookie
218 - cool
219 - cop
220 - copy
221 - corn
222 - corner
223 - correct
224 - cost
225 - couch
226 - cough
227 - country
228 - cousin
229 - cover
230 - cow
231 - cracker
232 - crash
233 - crazy
234 - cry
235 - cup
236 - curious
237 - curriculum
238 - curse
239 - cut
240 - cute
241 - dad
242 - dance
243 - dark
244 - daughter
245 - day
246 - dead
247 - deaf
248 - decide
249 - decorate
250 - deep
251 - deer
252 - delay
253 - delicious
254 - demand
255 - dentist
256 - deny
257 - deodorant
258 - depend
259 - describe
260 - desert
261 - desk
262 - dessert
263 - destroy
264 - develop
265 - diamond
266 - diaper
267 - diarrhea
268 - dictionary
269 - different
270 - dirty
271 - disagree
272 - disappear
273 - discuss
274 - dissolve
275 - dive
276 - divide
277 - divorce
278 - doctor
279 - dog
280 - doll
281 - dollar
282 - dolphin
283 - door
284 - double
285 - doubt
286 - down
287 - draw
288 - drawer
289 - dream
290 - dress
291 - drink
292 - drive
293 - drop
294 - drunk
295 - dry
296 - duck
297 - dumb
298 - during
299 - duty
300 - eagle
301 - ear
302 - early
303 - earn
304 - earring
305 - earth
306 - earthquake
307 - east
308 - easter
309 - easy
310 - eat
311 - egg
312 - egypt
313 - eight
314 - elephant
315 - elevator
316 - email
317 - embarrass
318 - emotion
319 - encourage
320 - end
321 - energy
322 - english
323 - enjoy
324 - enough
325 - enter
326 - environment
327 - equal
328 - escape
329 - europe
330 - evaluate
331 - event
332 - every
333 - evidence
334 - exact
335 - exaggerate
336 - example
337 - exchange
338 - excited
339 - exercise
340 - expect
341 - expensive
342 - experience
343 - experiment
344 - expert
345 - explain
346 - face
347 - fact
348 - fail
349 - family
350 - fancy
351 - far
352 - fast
353 - fat
354 - father
355 - fault
356 - favorite
357 - fear
358 - feed
359 - feedback
360 - feel
361 - few
362 - fight
363 - finally
364 - find
365 - fine
366 - finish
367 - first
368 - fish
369 - fishing
370 - flag
371 - floor
372 - flower
373 - fly
374 - fold
375 - follow
376 - food
377 - football
378 - for
379 - forest
380 - forget
381 - form
382 - fox
383 - france
384 - freeze
385 - french
386 - friday
387 - friend
388 - friendly
389 - frog
390 - from
391 - front
392 - fruit
393 - full
394 - function
395 - funny
396 - future
397 - game
398 - garage
399 - gather
400 - germany
401 - get
402 - giraffe
403 - girl
404 - give
405 - glasses
406 - gloves
407 - go
408 - goal
409 - goat
410 - god
411 - golf
412 - gone
413 - good
414 - goodbye
415 - gossip
416 - government
417 - graduate
418 - grammar
419 - grandfather
420 - grandmother
421 - grapes
422 - great
423 - greece
424 - green
425 - group
426 - grow
427 - guess
428 - guilty
429 - guitar
430 - gum
431 - hair
432 - half
433 - halloween
434 - hamburger
435 - hammer
436 - happen
437 - happy
438 - hard
439 - hat
440 - hate
441 - have
442 - hawaii
443 - head
444 - headache
445 - hear
446 - hearing
447 - heart
448 - helicopter
449 - hello
450 - help
451 - her
452 - here
453 - herself
454 - high
455 - highway
456 - history
457 - hit
458 - home
459 - homework
460 - honor
461 - hope
462 - horse
463 - hospital
464 - hot
465 - hour
466 - house
467 - how
468 - humble
469 - hungry
470 - hurry
471 - hurt
472 - husband
473 - ice cream
474 - idea
475 - if
476 - ignore
477 - important
478 - impossible
479 - improve
480 - in
481 - increase
482 - independent
483 - india
484 - inform
485 - information
486 - inside
487 - insurance
488 - interest
489 - internet
490 - interpret
491 - interview
492 - introduce
493 - invest
494 - investigate
495 - invite
496 - island
497 - israel
498 - jacket
499 - japan
500 - jealous
501 - jesus
502 - join
503 - jump
504 - keep
505 - keyboard
506 - kill
507 - king
508 - kiss
509 - kitchen
510 - knife
511 - know
512 - land
513 - language
514 - large
515 - last
516 - last year
517 - late
518 - later
519 - laugh
520 - law
521 - lawyer
522 - lazy
523 - lead
524 - learn
525 - leave
526 - lecture
527 - lemon
528 - lesbian
529 - lesson
530 - letter
531 - lettuce
532 - library
533 - lie
534 - light
535 - like
536 - limit
537 - line
538 - lion
539 - list
540 - listen
541 - live
542 - lobster
543 - lock
544 - lose
545 - loud
546 - lousy
547 - love
548 - lucky
549 - lunch
550 - machine
551 - mad
552 - magazine
553 - make
554 - man
555 - many
556 - march
557 - marry
558 - match
559 - math
560 - maybe
561 - mean
562 - measure
563 - meat
564 - mechanic
565 - medicine
566 - meet
567 - meeting
568 - memorize
569 - microwave
570 - milk
571 - minus
572 - minute
573 - mirror
574 - miss
575 - mom
576 - monday
577 - money
578 - monkey
579 - month
580 - moon
581 - more
582 - morning
583 - most
584 - mother
585 - motorcycle
586 - mountain
587 - mouse
588 - mouth
589 - move
590 - movie
591 - much
592 - muscle
593 - museum
594 - mushroom
595 - music
596 - must
597 - mustache
598 - my
599 - name
600 - napkin
601 - near
602 - neck
603 - necklace
604 - need
605 - negative
606 - neighbor
607 - nephew
608 - nervous
609 - neutral
610 - never
611 - new
612 - newspaper
613 - next
614 - nice
615 - niece
616 - night
617 - no
618 - none
619 - noon
620 - north
621 - nose
622 - not
623 - now
624 - number
625 - nurse
626 - ocean
627 - off
628 - office
629 - often
630 - ok
631 - old
632 - one
633 - onion
634 - open
635 - operate
636 - opinion
637 - orange
638 - order
639 - other
640 - outside
641 - overwhelm
642 - owe
643 - page
644 - pain
645 - paint
646 - pants
647 - paper
648 - parade
649 - parents
650 - party
651 - pass
652 - past
653 - patient
654 - pay
655 - peach
656 - pencil
657 - people
658 - pepper
659 - perfect
660 - period
661 - person
662 - perspective
663 - philosophy
664 - phone
665 - photographer
666 - picture
667 - pig
668 - pillow
669 - pink
670 - pizza
671 - place
672 - plan
673 - play
674 - please
675 - plus
676 - point
677 - police
678 - policy
679 - polite
680 - poor
681 - popular
682 - possible
683 - postpone
684 - potato
685 - power
686 - practice
687 - pray
688 - predict
689 - prepare
690 - present
691 - presentation
692 - president
693 - pretty
694 - price
695 - priest
696 - print
697 - printer
698 - prison
699 - private
700 - problem
701 - procrastinate
702 - program
703 - project
704 - promise
705 - protect
706 - prove
707 - provide
708 - psychology
709 - pull
710 - punish
711 - purple
712 - push
713 - put
714 - puzzled
715 - queen
716 - question
717 - quick
718 - quiet
719 - quit
720 - rabbit
721 - raccoon
722 - radio
723 - rain
724 - rainbow
725 - rake
726 - rat
727 - read
728 - ready
729 - really
730 - reason
731 - red
732 - rehearse
733 - reject
734 - religion
735 - remember
736 - remove
737 - require
738 - research
739 - respect
740 - rest
741 - restaurant
742 - retire
743 - revenge
744 - review
745 - rich
746 - ride
747 - right
748 - rise
749 - river
750 - roof
751 - room
752 - rooster
753 - rough
754 - rude
755 - rule
756 - run
757 - russia
758 - sad
759 - salad
760 - salt
761 - same
762 - sandwich
763 - saturday
764 - save
765 - say
766 - scared
767 - schedule
768 - school
769 - science
770 - scientist
771 - scissors
772 - score
773 - scotland
774 - screwdriver
775 - second
776 - secret
777 - secretary
778 - see
779 - seem
780 - sell
781 - senate
782 - send
783 - sentence
784 - separate
785 - serious
786 - service
787 - sew
788 - shape
789 - share
790 - sheep
791 - shine
792 - shirt
793 - shock
794 - shoes
795 - shop
796 - short
797 - should
798 - show
799 - shower
800 - shrimp
801 - shy
802 - sick
803 - side
804 - sign
805 - silent
806 - silly
807 - since
808 - single
809 - sister
810 - sit
811 - situation
812 - skinny
813 - skirt
814 - sky
815 - slave
816 - sleep
817 - slow
818 - small
819 - smart
820 - smile
821 - snake
822 - snow
823 - soap
824 - soccer
825 - socks
826 - soda
827 - soft
828 - solid
829 - some
830 - sometimes
831 - son
832 - soon
833 - sorry
834 - sound
835 - soup
836 - sour
837 - south
838 - spain
839 - special
840 - speech
841 - spider
842 - spin
843 - spirit
844 - spray
845 - square
846 - squirrel
847 - staff
848 - stairs
849 - stand
850 - star
851 - stare
852 - start
853 - stay
854 - steal
855 - stink
856 - stomach
857 - stop
858 - store
859 - story
860 - straight
861 - strange
862 - straw
863 - street
864 - stress
865 - strict
866 - strong
867 - structure
868 - struggle
869 - stubborn
870 - student
871 - study
872 - stupid
873 - sugar
874 - suggest
875 - summer
876 - summon
877 - sunday
878 - sunrise
879 - sunset
880 - surgery
881 - suspect
882 - swallow
883 - sweet
884 - sweetheart
885 - table
886 - take
887 - talk
888 - tall
889 - tea
890 - teach
891 - teacher
892 - tease
893 - television
894 - tell
895 - temperature
896 - tent
897 - test
898 - thank you
899 - thanksgiving
900 - that
901 - themselves
902 - theory
903 - therapy
904 - there
905 - thin
906 - think
907 - thirsty
908 - throw
909 - thursday
910 - ticket
911 - tiger
912 - time
913 - tired
914 - to
915 - toast
916 - today
917 - together
918 - toilet
919 - tomato
920 - tomorrow
921 - top
922 - town
923 - trade
924 - traffic
925 - train
926 - transfer
927 - translate
928 - travel
929 - tree
930 - triangle
931 - truck
932 - tuesday
933 - turkey
934 - turtle
935 - ugly
936 - uncle
937 - understand
938 - underwear
939 - university
940 - until
941 - up
942 - upset
943 - use
944 - vacation
945 - violin
946 - visit
947 - voice
948 - volunteer
949 - vomit
950 - vote
951 - wait
952 - walk
953 - want
954 - war
955 - warm
956 - warn
957 - wash
958 - watch
959 - water
960 - weak
961 - weather
962 - wedding
963 - wednesday
964 - week
965 - weekend
966 - west
967 - wet
968 - what
969 - when
970 - where
971 - which
972 - white
973 - who
974 - why
975 - wife
976 - will
977 - win
978 - wind
979 - window
980 - wine
981 - with
982 - witness
983 - woman
984 - wood
985 - word
986 - work
987 - world
988 - worry
989 - wow
990 - write
991 - wrong
992 - year
993 - yellow
994 - yes
995 - yesterday
996 - you
997 - young
998 - your
999 - zero
